<?xml version="1.0" encoding="UTF-8"?>
<!-- Generated by org.testng.reporters.JUnitReportReporter -->
<testsuite hostname="DESKTOP-V9K624K" failures="0" tests="2" name="keanu.Tests.DiscoverScreenTest" time="46.785" errors="0" timestamp="20 Jul 2020 11:49:34 GMT">
  <testcase classname="keanu.Tests.DiscoverScreenTest" name="userLogin" time="24.770"/>
  <testcase classname="keanu.Tests.DiscoverScreenTest" name="verifymoduleAndHeaders" time="22.015"/>
</testsuite> <!-- keanu.Tests.DiscoverScreenTest -->
