<?xml version="1.0" encoding="UTF-8"?>
<!-- Generated by org.testng.reporters.JUnitReportReporter -->
<testsuite hostname="DESKTOP-V9K624K" failures="0" tests="5" name="keanu.Tests.MyAccountsTest" time="118.604" errors="0" timestamp="27 Jul 2020 05:20:03 GMT">
  <testcase classname="keanu.Tests.MyAccountsTest" name="addAccount" time="45.049"/>
  <testcase classname="keanu.Tests.MyAccountsTest" name="defaultAccountChange" time="22.213"/>
  <testcase classname="keanu.Tests.MyAccountsTest" name="activateDeactivateAccount" time="8.981"/>
  <testcase classname="keanu.Tests.MyAccountsTest" name="login" time="21.020"/>
  <testcase classname="keanu.Tests.MyAccountsTest" name="myAcconuts" time="21.341"/>
</testsuite> <!-- keanu.Tests.MyAccountsTest -->
