<?xml version="1.0" encoding="UTF-8"?>
<!-- Generated by org.testng.reporters.JUnitReportReporter -->
<testsuite hostname="DESKTOP-V9K624K" failures="0" tests="2" name="keanu.Tests.DiscoverScreenShareStickersTest" time="28.525" errors="0" timestamp="27 Jul 2020 05:20:03 GMT">
  <testcase classname="keanu.Tests.DiscoverScreenShareStickersTest" name="checkStickers" time="4.969"/>
  <testcase classname="keanu.Tests.DiscoverScreenShareStickersTest" name="userLogin" time="23.556"/>
</testsuite> <!-- keanu.Tests.DiscoverScreenShareStickersTest -->
