<?xml version="1.0" encoding="UTF-8"?>
<!-- Generated by org.testng.reporters.JUnitReportReporter -->
<testsuite hostname="DESKTOP-V9K624K" failures="0" tests="2" name="keanu.Tests.DiscoverScreenCheckServicesTest" time="25.694" errors="0" timestamp="27 Jul 2020 05:20:04 GMT">
  <testcase classname="keanu.Tests.DiscoverScreenCheckServicesTest" name="checkServices" time="4.048"/>
  <testcase classname="keanu.Tests.DiscoverScreenCheckServicesTest" name="userLogin" time="21.646"/>
</testsuite> <!-- keanu.Tests.DiscoverScreenCheckServicesTest -->
