<?xml version="1.0" encoding="UTF-8"?>
<!-- Generated by org.testng.reporters.JUnitReportReporter -->
<testsuite hostname="DESKTOP-V9K624K" failures="0" tests="1" name="keanu.Tests.SignInTest" time="41.950" errors="0" timestamp="27 Jul 2020 05:20:03 GMT">
  <testcase classname="keanu.Tests.SignInTest" name="userLogin" time="41.950"/>
</testsuite> <!-- keanu.Tests.SignInTest -->
