<?xml version="1.0" encoding="UTF-8"?>
<!-- Generated by org.testng.reporters.JUnitReportReporter -->
<testsuite hostname="DESKTOP-V9K624K" failures="0" tests="2" name="keanu.Tests.AppHeaderTappingTest" time="35.892" errors="0" timestamp="27 Jul 2020 05:20:04 GMT">
  <testcase classname="keanu.Tests.AppHeaderTappingTest" name="headerVerification" time="15.643"/>
  <testcase classname="keanu.Tests.AppHeaderTappingTest" name="userLogin" time="20.249"/>
</testsuite> <!-- keanu.Tests.AppHeaderTappingTest -->
