<?xml version="1.0" encoding="UTF-8"?>
<!-- Generated by org.testng.reporters.JUnitReportReporter -->
<testsuite hostname="DESKTOP-V9K624K" failures="0" tests="2" name="keanu.Tests.DiscoverScreenChatGroupTest" time="53.541" errors="0" timestamp="27 Jul 2020 11:54:10 GMT">
  <testcase classname="keanu.Tests.DiscoverScreenChatGroupTest" name="createChatGroup" time="34.399"/>
  <testcase classname="keanu.Tests.DiscoverScreenChatGroupTest" name="userLogin" time="19.142"/>
</testsuite> <!-- keanu.Tests.DiscoverScreenChatGroupTest -->
