<?xml version="1.0" encoding="UTF-8"?>
<!-- Generated by org.testng.reporters.JUnitReportReporter -->
<testsuite hostname="DESKTOP-V9K624K" failures="0" tests="2" name="keanu.Tests.AppHeaderSwipeTest" time="39.473" errors="0" timestamp="27 Jul 2020 05:20:04 GMT">
  <testcase classname="keanu.Tests.AppHeaderSwipeTest" name="userLogin" time="20.372"/>
  <testcase classname="keanu.Tests.AppHeaderSwipeTest" name="headerVerification" time="19.101"/>
</testsuite> <!-- keanu.Tests.AppHeaderSwipeTest -->
