<?xml version="1.0" encoding="UTF-8"?>
<!-- Generated by org.testng.reporters.JUnitReportReporter -->
<testsuite hostname="DESKTOP-V9K624K" failures="0" tests="4" name="keanu.Tests.AppLockTest" time="51.057" errors="0" timestamp="27 Jul 2020 05:20:03 GMT">
  <testcase classname="keanu.Tests.AppLockTest" name="appLockSetPassPhrase" time="11.147"/>
  <testcase classname="keanu.Tests.AppLockTest" name="appLockUITest" time="5.363"/>
  <testcase classname="keanu.Tests.AppLockTest" name="checkConfirmPwd" time="13.670"/>
  <testcase classname="keanu.Tests.AppLockTest" name="login" time="20.877"/>
</testsuite> <!-- keanu.Tests.AppLockTest -->
