<?xml version="1.0" encoding="UTF-8"?>
<!-- Generated by org.testng.reporters.JUnitReportReporter -->
<testsuite hostname="DESKTOP-V9K624K" failures="0" tests="1" name="keanu.Tests.SignUpTest" time="27.823" errors="0" timestamp="27 Jul 2020 05:20:04 GMT">
  <testcase classname="keanu.Tests.SignUpTest" name="userSignUp" time="27.823"/>
</testsuite> <!-- keanu.Tests.SignUpTest -->
